<?xml version="1.0" encoding="UTF-8"?>
<!-- Generated by org.testng.reporters.JUnitReportReporter -->
<testsuite hostname="DESKTOP-SUM4876" failures="0" tests="7" name="com.api.PropertiesTC.GET_Products_List" time="0.016" errors="0" timestamp="2023-12-04T22:31:00 ICT" skipped="0">
  <testcase classname="com.api.PropertiesTC.GET_Products_List" name="TC01_verifyStatusCode" time="0.008"/>
  <system-out/>
  <testcase classname="com.api.PropertiesTC.GET_Products_List" name="TC06_verifyProduct_brand" time="0.001"/>
  <system-out/>
  <testcase classname="com.api.PropertiesTC.GET_Products_List" name="TC07_verifyProduct_category" time="0.002"/>
  <system-out/>
  <testcase classname="com.api.PropertiesTC.GET_Products_List" name="TC02_verifyProduct_field" time="0.001"/>
  <system-out/>
  <testcase classname="com.api.PropertiesTC.GET_Products_List" name="TC05_verifyProduct_price" time="0.001"/>
  <system-out/>
  <testcase classname="com.api.PropertiesTC.GET_Products_List" name="TC04_verifyProduct_name" time="0.001"/>
  <system-out/>
  <testcase classname="com.api.PropertiesTC.GET_Products_List" name="TC03_verifyProduct_ID" time="0.002"/>
  <system-out/>
</testsuite> <!-- com.api.PropertiesTC.GET_Products_List -->
