<?xml version="1.0" encoding="UTF-8"?>
<!-- Generated by org.testng.reporters.JUnitReportReporter -->
<testsuite hostname="DESKTOP-SUM4876" failures="0" tests="3" name="com.api.PropertiesTC.POST_08_valid_VerifyLogin" time="0.562" errors="0" timestamp="2023-12-05T22:19:02 ICT" skipped="0">
  <testcase classname="com.api.PropertiesTC.POST_08_valid_VerifyLogin" name="TC02_verifyResponseCode" time="0.536"/>
  <system-out/>
  <testcase classname="com.api.PropertiesTC.POST_08_valid_VerifyLogin" name="TC01_verifyStatusCode" time="0.009"/>
  <system-out/>
  <testcase classname="com.api.PropertiesTC.POST_08_valid_VerifyLogin" name="TC03_verifyMessageField" time="0.017"/>
  <system-out/>
</testsuite> <!-- com.api.PropertiesTC.POST_08_valid_VerifyLogin -->
