<?xml version="1.0" encoding="UTF-8"?>
<!-- Generated by org.testng.reporters.JUnitReportReporter -->
<testsuite hostname="DESKTOP-SUM4876" failures="0" tests="3" name="com.api.PropertiesTC.PUT_13_updateAccount" time="0.019" errors="0" timestamp="2023-12-22T14:02:36 ICT" skipped="0">
  <testcase classname="com.api.PropertiesTC.PUT_13_updateAccount" name="TC02_verifyResponseCode" time="0.009"/>
  <system-out/>
  <testcase classname="com.api.PropertiesTC.PUT_13_updateAccount" name="TC03_verifyMessage" time="0.009"/>
  <system-out/>
  <testcase classname="com.api.PropertiesTC.PUT_13_updateAccount" name="TC01_verifyStatusCode" time="0.001"/>
  <system-out/>
</testsuite> <!-- com.api.PropertiesTC.PUT_13_updateAccount -->
