<?xml version="1.0" encoding="UTF-8"?>
<!-- Generated by org.testng.reporters.JUnitReportReporter -->
<testsuite hostname="DESKTOP-SUM4876" failures="0" tests="3" name="com.api.PropertiesTC.GET_03_Brands_List" time="0.003" errors="0" timestamp="2023-12-22T14:02:36 ICT" skipped="0">
  <testcase classname="com.api.PropertiesTC.GET_03_Brands_List" name="TC01_verifyStatusCode" time="0.001"/>
  <system-out/>
  <testcase classname="com.api.PropertiesTC.GET_03_Brands_List" name="TC02_verifyBrand_ID" time="0.001"/>
  <system-out/>
  <testcase classname="com.api.PropertiesTC.GET_03_Brands_List" name="TC03_verifyBrand_field" time="0.001"/>
  <system-out/>
</testsuite> <!-- com.api.PropertiesTC.GET_03_Brands_List -->
