<?xml version="1.0" encoding="UTF-8"?>
<!-- Generated by org.testng.reporters.JUnitReportReporter -->
<testsuite hostname="DESKTOP-SUM4876" failures="0" tests="3" name="com.api.PropertiesTC.DEL_12_deleteUser" time="0.018" errors="0" timestamp="2023-12-22T14:02:36 ICT" skipped="0">
  <testcase classname="com.api.PropertiesTC.DEL_12_deleteUser" name="TC01_verifyStatusCode" time="0.001"/>
  <system-out/>
  <testcase classname="com.api.PropertiesTC.DEL_12_deleteUser" name="TC02_verifyResponseCode" time="0.010"/>
  <system-out/>
  <testcase classname="com.api.PropertiesTC.DEL_12_deleteUser" name="TC03_verifyMessage" time="0.007"/>
  <system-out/>
</testsuite> <!-- com.api.PropertiesTC.DEL_12_deleteUser -->
