<?xml version="1.0" encoding="UTF-8"?>
<!-- Generated by org.testng.reporters.JUnitReportReporter -->
<testsuite hostname="DESKTOP-SUM4876" failures="0" tests="3" name="com.api.PropertiesTC.demoTest" time="0.540" errors="0" timestamp="2023-12-05T16:26:51 ICT" skipped="0">
  <testcase classname="com.api.PropertiesTC.demoTest" name="TC02_verifyResponseCode" time="0.504"/>
  <system-out/>
  <testcase classname="com.api.PropertiesTC.demoTest" name="TC01_verifyStatusCode" time="0.011"/>
  <system-out/>
  <testcase classname="com.api.PropertiesTC.demoTest" name="TC03_verifyMessageField" time="0.025"/>
  <system-out/>
</testsuite> <!-- com.api.PropertiesTC.demoTest -->
