<?xml version="1.0" encoding="UTF-8"?>
<!-- Generated by org.testng.reporters.JUnitReportReporter -->
<testsuite hostname="DESKTOP-SUM4876" failures="0" tests="3" name="com.api.PropertiesTC.POST_07_valid_VerifyLogin" time="0.018" errors="0" timestamp="2023-12-22T14:02:36 ICT" skipped="0">
  <testcase classname="com.api.PropertiesTC.POST_07_valid_VerifyLogin" name="TC03_verifyMessageField" time="0.010"/>
  <system-out/>
  <testcase classname="com.api.PropertiesTC.POST_07_valid_VerifyLogin" name="TC01_verifyStatusCode" time="0.000"/>
  <system-out/>
  <testcase classname="com.api.PropertiesTC.POST_07_valid_VerifyLogin" name="TC02_verifyResponseCode" time="0.008"/>
  <system-out/>
</testsuite> <!-- com.api.PropertiesTC.POST_07_valid_VerifyLogin -->
