<?xml version="1.0" encoding="UTF-8"?>
<!-- Generated by org.testng.reporters.JUnitReportReporter -->
<testsuite hostname="DESKTOP-SUM4876" failures="0" tests="6" name="com.api.PropertiesTC.GET_14_detailAccount" time="0.079" errors="0" timestamp="2023-12-22T14:02:36 ICT" skipped="0">
  <testcase classname="com.api.PropertiesTC.GET_14_detailAccount" name="TC02_verifyResponseCode" time="0.013"/>
  <system-out/>
  <testcase classname="com.api.PropertiesTC.GET_14_detailAccount" name="TC06_verifyMainInfo" time="0.037"/>
  <system-out/>
  <testcase classname="com.api.PropertiesTC.GET_14_detailAccount" name="TC01_verifyStatusCode" time="0.000"/>
  <system-out/>
  <testcase classname="com.api.PropertiesTC.GET_14_detailAccount" name="TC05_matchingEmailField" time="0.010"/>
  <system-out/>
  <testcase classname="com.api.PropertiesTC.GET_14_detailAccount" name="TC04_matchingPassField" time="0.009"/>
  <system-out/>
  <testcase classname="com.api.PropertiesTC.GET_14_detailAccount" name="TC03_matchingNameField" time="0.010"/>
  <system-out/>
</testsuite> <!-- com.api.PropertiesTC.GET_14_detailAccount -->
